[Message:   BepInEx] BepInEx 5.4.22.0 - EscapeFromTarkov (1/15/2025 4:14:01 PM)
[Info   :   BepInEx] Running under Unity v0.15.5.3342
[Info   :   BepInEx] CLR runtime version: 4.0.30319.42000
[Info   :   BepInEx] Supports SRE: True
[Info   :   BepInEx] System platform: Bits64, Windows
[Message:   BepInEx] Preloader started
[Info   :   BepInEx] Loaded 1 patcher method from [BepInEx.Preloader 5.4.22.0]
[Info   :   BepInEx] Loaded 1 patcher method from [spt-prepatch 3.10.5.0]
[Info   :   BepInEx] 2 patcher plugins loaded
[Info   :   BepInEx] Patching [UnityEngine.CoreModule] with [BepInEx.Chainloader]
[Info   :   BepInEx] Patching [Assembly-CSharp] with [SPT.PrePatch.SPTPrePatcher]
[Message:   BepInEx] Preloader finished
[Message:   BepInEx] Chainloader ready
[Message:   BepInEx] Chainloader started
[Info   :   BepInEx] 26 plugins to load
[Info   :   BepInEx] Loading [SPT.Core 3.10.5]
[Info   :  SPT.Core] Loading: SPT.Core
[Info   :ModulePatch] Enabled patch ConsistencySinglePatch
[Info   :ModulePatch] Enabled patch ConsistencyMultiPatch
[Info   :ModulePatch] Enabled patch GameValidationPatch
[Info   :ModulePatch] Enabled patch BattlEyePatch
[Info   :ModulePatch] Enabled patch SslCertificatePatch
[Info   :ModulePatch] Enabled patch UnityWebRequestPatch
[Info   :ModulePatch] Enabled patch WebSocketPatch
[Info   :ModulePatch] Enabled patch TransportPrefixPatch
[Info   :  SPT.Core] Completed: SPT.Core
[Info   :   BepInEx] Loading [DrakiaXYZ-BigBrain 1.2.0]
[Info   :DrakiaXYZ-BigBrain] Loading: DrakiaXYZ-BigBrain
[Info   :ModulePatch] Enabled patch BotBaseBrainActivatePatch
[Info   :ModulePatch] Enabled patch BotBrainCreateLogicNodePatch
[Info   :ModulePatch] Enabled patch BotBaseBrainUpdatePatch
[Info   :ModulePatch] Enabled patch BotAgentUpdatePatch
[Info   :ModulePatch] Enabled patch BotBaseBrainActivateLayerPatch
[Info   :ModulePatch] Enabled patch BotStandartBotBrainActivatePatch
[Info   :DrakiaXYZ-BigBrain] Completed: DrakiaXYZ-BigBrain
[Info   :   BepInEx] Loading [SAIN 3.2.1]
[Info   :ModulePatch] Enabled patch StopRefillMagsPatch
[Info   :ModulePatch] Enabled patch SetEnvironmentPatch
[Info   :ModulePatch] Enabled patch SetPanicPointPatch
[Info   :ModulePatch] Enabled patch AddPointToSearchPatch
[Info   :ModulePatch] Enabled patch TurnDamnLightOffPatch
[Info   :ModulePatch] Enabled patch GrenadeThrownActionPatch
[Info   :ModulePatch] Enabled patch GrenadeExplosionActionPatch
[Info   :ModulePatch] Enabled patch ShallKnowEnemyPatch
[Info   :ModulePatch] Enabled patch ShallKnowEnemyLatePatch
[Info   :ModulePatch] Enabled patch HaveSeenEnemyPatch
[Info   :ModulePatch] Enabled patch AllowRequestPatch
[Info   :ModulePatch] Enabled patch FindRequestForMePatch
[Info   :ModulePatch] Enabled patch StopSetToNavMeshPatch
[Info   :ModulePatch] Enabled patch FightShallReloadFixPatch
[Info   :ModulePatch] Enabled patch EnableVaultPatch
[Info   :ModulePatch] Enabled patch BotMemoryAddEnemyPatch
[Info   :ModulePatch] Enabled patch BotGroupAddEnemyPatch
[Info   :ModulePatch] Enabled patch FixItemTakerPatch
[Info   :ModulePatch] Enabled patch FixItemTakerPatch2
[Info   :ModulePatch] Enabled patch RotateClampPatch
[Info   :ModulePatch] Enabled patch EncumberedPatch
[Info   :ModulePatch] Enabled patch DoorOpenerPatch
[Info   :ModulePatch] Enabled patch DoorDisabledPatch
[Info   :ModulePatch] Enabled patch CrawlPatch
[Info   :ModulePatch] Enabled patch CrawlPatch2
[Info   :ModulePatch] Enabled patch PoseStaminaPatch
[Info   :ModulePatch] Enabled patch AimStaminaPatch
[Info   :ModulePatch] Enabled patch GlobalShootSettingsPatch
[Info   :ModulePatch] Enabled patch GlobalLookPatch
[Info   :ModulePatch] Enabled patch TryPlayShootSoundPatch
[Info   :ModulePatch] Enabled patch OnMakingShotPatch
[Info   :ModulePatch] Enabled patch HearingSensorPatch
[Info   :ModulePatch] Enabled patch VoicePatch
[Info   :ModulePatch] Enabled patch GrenadeCollisionPatch
[Info   :ModulePatch] Enabled patch GrenadeCollisionPatch2
[Info   :ModulePatch] Enabled patch ToggleSoundPatch
[Info   :ModulePatch] Enabled patch SpawnInHandsSoundPatch
[Info   :ModulePatch] Enabled patch PlaySwitchHeadlightSoundPatch
[Info   :ModulePatch] Enabled patch BulletImpactPatch
[Info   :ModulePatch] Enabled patch TreeSoundPatch
[Info   :ModulePatch] Enabled patch DoorBreachSoundPatch
[Info   :ModulePatch] Enabled patch DoorOpenSoundPatch
[Info   :ModulePatch] Enabled patch FootstepSoundPatch
[Info   :ModulePatch] Enabled patch SprintSoundPatch
[Info   :ModulePatch] Enabled patch GenericMovementSoundPatch
[Info   :ModulePatch] Enabled patch JumpSoundPatch
[Info   :ModulePatch] Enabled patch DryShotPatch
[Info   :ModulePatch] Enabled patch ProneSoundPatch
[Info   :ModulePatch] Enabled patch SoundClipNameCheckerPatch
[Info   :ModulePatch] Enabled patch SoundClipNameCheckerPatch2
[Info   :ModulePatch] Enabled patch AimSoundPatch
[Info   :ModulePatch] Enabled patch LootingSoundPatch
[Info   :ModulePatch] Enabled patch SetInHandsGrenadePatch
[Info   :ModulePatch] Enabled patch SetInHandsFoodPatch
[Info   :ModulePatch] Enabled patch SetInHandsMedsPatch
[Info   :ModulePatch] Enabled patch JumpPainPatch
[Info   :ModulePatch] Enabled patch PlayerHurtPatch
[Info   :ModulePatch] Enabled patch PlayerTalkPatch
[Info   :ModulePatch] Enabled patch BotTalkPatch
[Info   :ModulePatch] Enabled patch BotTalkManualUpdatePatch
[Info   :ModulePatch] Enabled patch DisableLookUpdatePatch
[Info   :ModulePatch] Enabled patch UpdateLightEnablePatch
[Info   :ModulePatch] Enabled patch UpdateLightEnablePatch2
[Info   :ModulePatch] Enabled patch ToggleNightVisionPatch
[Info   :ModulePatch] Enabled patch SetPartPriorityPatch
[Info   :ModulePatch] Enabled patch GlobalLookSettingsPatch
[Info   :ModulePatch] Enabled patch WeatherTimeVisibleDistancePatch
[Info   :ModulePatch] Enabled patch NoAIESPPatch
[Info   :ModulePatch] Enabled patch BotLightTurnOnPatch
[Info   :ModulePatch] Enabled patch VisionSpeedPatch
[Info   :ModulePatch] Enabled patch VisionDistancePatch
[Info   :ModulePatch] Enabled patch CheckFlashlightPatch
[Info   :ModulePatch] Enabled patch DoHitAffectPatch
[Info   :ModulePatch] Enabled patch HitAffectApplyPatch
[Info   :ModulePatch] Enabled patch PlayerHitReactionDisablePatch
[Info   :ModulePatch] Enabled patch SetAimStatusPatch
[Info   :ModulePatch] Enabled patch AimOffsetPatch
[Info   :ModulePatch] Enabled patch AimTimePatch
[Info   :ModulePatch] Enabled patch ForceNoHeadAimPatch
[Info   :ModulePatch] Enabled patch AimRotateSpeedPatch
[Info   :ModulePatch] Enabled patch ResetGrenadePatch
[Info   :ModulePatch] Enabled patch SetGrenadePatch
[Info   :ModulePatch] Enabled patch FullAutoPatch
[Info   :ModulePatch] Enabled patch SemiAutoPatch
[Info   :ModulePatch] Enabled patch SemiAutoPatch2
[Info   :ModulePatch] Enabled patch SemiAutoPatch3
[Info   :ModulePatch] Enabled patch AddBotComponentPatch
[Info   :ModulePatch] Enabled patch AddGameWorldPatch
[Info   :ModulePatch] Enabled patch GetBotController
[Info   :ModulePatch] Enabled patch GetBotSpawner
[Info   :   BepInEx] Loading [That's Lit 1.3100.3]
[Info   :ModulePatch] Enabled patch SeenCoefPatch
[Info   :ModulePatch] Enabled patch EncounteringPatch
[Info   :ModulePatch] Enabled patch ExtraVisibleDistancePatch
[Info   :ModulePatch] Enabled patch InitiateShotMonitor
[Info   :ModulePatch] Enabled patch BlindFirePatch
[Info   :ModulePatch] Enabled patch SAINNoBushOverride
[Info   :That's Lit] Update Notifier not found.
[Info   :   BepInEx] Loading [SPT.Custom 3.10.5]
[Info   :SPT.Custom] Loading: SPT.Custom
[Info   :ModulePatch] Enabled patch EasyAssetsPatch
[Info   :ModulePatch] Enabled patch EasyBundlePatch
[Info   :ModulePatch] Enabled patch DisableNonHalloweenExitsDuringEventPatch
[Info   :ModulePatch] Enabled patch SendFleaListingTaxAmountToServerPatch
[Info   :ModulePatch] Enabled patch AddTraitorScavsPatch
[Info   :RequestHandler] [REQUEST]: /singleplayer/bossconvert
[Info   :RequestHandler] [REQUEST SUCCESSFUL] /singleplayer/bossconvert
[Info   :ModulePatch] Enabled patch CustomAiPatch
[Info   :ModulePatch] Enabled patch SaveSettingsToSptFolderPatch
[Info   :ModulePatch] Enabled patch PatchPlayerPrefsSetInt
[Info   :ModulePatch] Enabled patch PatchPlayerPrefsSetFloat
[Info   :ModulePatch] Enabled patch PatchPlayerPrefsSetString
[Info   :ModulePatch] Enabled patch PatchPlayerPrefsGetInt
[Info   :ModulePatch] Enabled patch PatchPlayerPrefsGetFloat
[Info   :ModulePatch] Enabled patch PatchPlayerPrefsGetString
[Info   :ModulePatch] Enabled patch PatchPlayerPrefsHasKey
[Info   :ModulePatch] Enabled patch PatchPlayerPrefsDeleteKey
[Info   :ModulePatch] Enabled patch PatchPlayerPrefsDeleteAll
[Info   :ModulePatch] Enabled patch PatchPlayerPrefsSave
[Info   :ModulePatch] Enabled patch QTEPatch
[Info   :ModulePatch] Enabled patch RedirectClientImageRequestsPatch
[Info   :ModulePatch] Enabled patch DisableGameModeAdjustButtonPatch
[Info   :ModulePatch] Enabled patch FixPmcSpawnParamsNullErrorPatch
[Info   :ModulePatch] Enabled patch SetPreRaidSettingsScreenDefaultsPatch
[Info   :ModulePatch] Enabled patch CoreDifficultyPatch
[Info   :ModulePatch] Enabled patch BotDifficultyPatch
[Info   :ModulePatch] Enabled patch VersionLabelPatch
[Info   :ModulePatch] Enabled patch FixScavWarNullErrorWithMarkOfUnknownPatch
[Info   :ModulePatch] Enabled patch MergeScavPmcQuestsOnInventoryLoadPatch
[Info   :ModulePatch] Enabled patch CopyPmcQuestsToPlayerScavPatch
[Info   :ModulePatch] Enabled patch FixBossesHavingNoFollowersOnMediumAiAmount
[Info   :ModulePatch] Enabled patch FixAirdropCrashPatch
[Info   :ModulePatch] Enabled patch FixAirdropFlareDisposePatch
[Info   :ModulePatch] Enabled patch AllowAirdropsInPvEPatch
[Info   :ModulePatch] Enabled patch MemoryCollectionPatch
[Info   :SPT.Custom] Completed: SPT.Custom
[Info   :   BepInEx] Loading [SPT.Singleplayer 3.10.5]
[Info   :SPT.Singleplayer] Loading: SPT.SinglePlayer
[Info   :ModulePatch] Enabled patch TinnitusFixPatch
[Info   :ModulePatch] Enabled patch EmptyInfilFixPatch
[Info   :ModulePatch] Enabled patch OverrideMaxAiAliveInRaidValuePatch
[Info   :ModulePatch] Enabled patch FixPostScavRaidXpShowingZeroPatch
[Info   :ModulePatch] Enabled patch DisablePMCExtractsForScavsPatch
[Info   :ModulePatch] Enabled patch ScavExfilPatch
[Info   :ModulePatch] Enabled patch ScavProfileLoadPatch
[Info   :ModulePatch] Enabled patch ScavPrefabLoadPatch
[Info   :ModulePatch] Enabled patch DisableReadyLocationReadyPatch
[Info   :ModulePatch] Enabled patch LoadOfflineRaidScreenPatch
[Info   :ModulePatch] Enabled patch AmmoUsedCounterPatch
[Info   :ModulePatch] Enabled patch PluginErrorNotifierPatch
[Info   :ModulePatch] Enabled patch GetNewBotTemplatesPatch
[Info   :ModulePatch] Enabled patch MapReadyButtonPatch
[Info   :ModulePatch] Enabled patch RemoveUsedBotProfilePatch
[Info   :ModulePatch] Enabled patch ScavLateStartPatch
[Info   :ModulePatch] Enabled patch ScavSellAllPriceStorePatch
[Info   :ModulePatch] Enabled patch ScavSellAllRequestPatch
[Info   :ModulePatch] Enabled patch ScavRepAdjustmentPatch
[Info   :ModulePatch] Enabled patch QuestAddedAutoSelectPatch
[Info   :ModulePatch] Enabled patch DisableWelcomeToPVEModeMessagePatch
[Info   :ModulePatch] Enabled patch DisableMatchmakerPlayerPreviewButtonsPatch
[Info   :ModulePatch] Enabled patch EnableRefForPVEPatch
[Info   :ModulePatch] Enabled patch EnableRefIntermScreenPatch
[Info   :ModulePatch] Enabled patch EnablePlayerScavPatch
[Info   :ModulePatch] Enabled patch ScavFoundInRaidPatch
[Info   :ModulePatch] Enabled patch GetProfileAtEndOfRaidPatch
[Info   :ModulePatch] Enabled patch SendPlayerScavProfileToServerAfterRaidPatch
[Info   :ModulePatch] Enabled patch RemoveStashUpgradeLabelPatch
[Info   :ModulePatch] Enabled patch RemoveClothingItemExternalObtainLabelPatch
[Info   :ModulePatch] Enabled patch ForceRaidModeToLocalPatch
[Info   :ModulePatch] Enabled patch ScavIsPlayerEnemyPatch
[Info   :ModulePatch] Enabled patch BotOwnerManualUpdatePatch
[Info   :ModulePatch] Enabled patch FirearmControllerShowIncompatibleNotificationClass
[Info   :ModulePatch] Enabled patch FixKeyAlreadyExistsErrorOnAchievementPatch
[Info   :ModulePatch] Enabled patch QuestLoadStatusChangePatch
[Info   :SPT.Singleplayer] Completed: SPT.SinglePlayer
[Info   :   BepInEx] Loading [SPT.Debugging 3.10.5]
[Info   :SPT.Debugging] Loading: SPT.Debugging
[Info   :ModulePatch] Enabled patch EndRaidDebug
[Info   :ModulePatch] Enabled patch LoggerClassLogPatch
[Info   :ModulePatch] Enabled patch ReloadClientPatch
[Info   :SPT.Debugging] Completed: SPT.Debugging
[Info   :   BepInEx] Loading [Fika.Core 1.1.5]
[Info   : Fika.Core] Received NatPunchServer config from server:
[Info   : Fika.Core] Enable: False
[Info   : Fika.Core] Port: 6790
[Info   : Fika.Core] NatIntroduceAmount: 1
[Info   :ModulePatch] Enabled patch FikaVersionLabel_Patch
[Info   :ModulePatch] Enabled patch TarkovApplication_method_18_Patch
[Info   :ModulePatch] Enabled patch DisableReadyButton_Patch
[Info   :ModulePatch] Enabled patch DisableInsuranceReadyButton_Patch
[Info   :ModulePatch] Enabled patch DisableMatchSettingsReadyButton_Patch
[Info   :ModulePatch] Enabled patch TarkovApplication_LocalGamePreparer_Patch
[Info   :ModulePatch] Enabled patch TarkovApplication_LocalGameCreator_Patch
[Info   :ModulePatch] Enabled patch DeathFade_Patch
[Info   :ModulePatch] Enabled patch NonWaveSpawnScenario_Patch
[Info   :ModulePatch] Enabled patch WaveSpawnScenario_Patch
[Info   :ModulePatch] Enabled patch MatchmakerAcceptScreen_Awake_Patch
[Info   :ModulePatch] Enabled patch MatchmakerAcceptScreen_Show_Patch
[Info   :ModulePatch] Enabled patch Minefield_method_2_Patch
[Info   :ModulePatch] Enabled patch MineDirectional_OnTriggerEnter_Patch
[Info   :ModulePatch] Enabled patch BotCacher_Patch
[Info   :ModulePatch] Enabled patch AbstractGame_InRaid_Patch
[Info   :ModulePatch] Enabled patch DisconnectButton_Patch
[Info   :ModulePatch] Enabled patch ChangeGameModeButton_Patch
[Info   :ModulePatch] Enabled patch MenuTaskBar_Patch
[Info   :ModulePatch] Enabled patch GameWorld_Create_Patch
[Info   :ModulePatch] Enabled patch BTRControllerClass_Init_Patch
[Info   :ModulePatch] Enabled patch BTRView_SyncViewFromServer_Patch
[Info   :ModulePatch] Enabled patch BTRView_GoIn_Patch
[Info   :ModulePatch] Enabled patch BTRView_GoOut_Patch
[Info   :ModulePatch] Enabled patch BTRVehicle_method_38_Patch
[Info   :ModulePatch] Enabled patch Player_Hide_Patch
[Info   :ModulePatch] Enabled patch Player_UpdateBtrTraderServiceData_Patch
[Info   :ModulePatch] Enabled patch BTRSide_AddPassenger_Patch
[Info   :ModulePatch] Enabled patch BTRSide_RemovePassenger_Patch
[Info   :ModulePatch] Enabled patch BTRSide_method_9_Patch
[Info   :ModulePatch] Enabled patch GClass2406_UpdateOfflineClientLogic_Patch
[Info   :ModulePatch] Enabled patch GClass2407_UpdateOfflineClientLogic_Patch
[Info   :ModulePatch] Enabled patch GClass2400_GetSyncObjectStrategyByType_Patch
[Info   :ModulePatch] Enabled patch LighthouseTraderZone_AddPlayer_Patch
[Info   :ModulePatch] Enabled patch LighthouseTraderZone_RemovePlayer_Patch
[Info   :ModulePatch] Enabled patch LighthouseTraderZone_Awake_Patch
[Info   :ModulePatch] Enabled patch GClass422_Activate_Patch
[Info   :ModulePatch] Enabled patch BufferZoneControllerClass_method_1_Patch
[Info   :ModulePatch] Enabled patch BufferZoneControllerClass_SetPlayerInZoneStatus_Patch
[Info   :ModulePatch] Enabled patch BufferInnerZone_ChangeZoneInteractionAvailability_Patch
[Info   :ModulePatch] Enabled patch BufferInnerZone_ChangePlayerAccessStatus_Patch
[Info   :ModulePatch] Enabled patch TripwireSynchronizableObject_method_6_Patch
[Info   :ModulePatch] Enabled patch TripwireSynchronizableObject_method_11_Patch
[Info   :ModulePatch] Enabled patch BaseLocalGame_method_13_Patch
[Info   :ModulePatch] Enabled patch Player_OnDead_Patch
[Info   :ModulePatch] Enabled patch Player_ManageAggressor_Patch
[Info   :ModulePatch] Enabled patch Player_SetDogtagInfo_Patch
[Info   :ModulePatch] Enabled patch WeaponManagerClass_ValidateScopeSmoothZoomUpdate_Patch
[Info   :ModulePatch] Enabled patch WeaponManagerClass_method_12_Patch
[Info   :ModulePatch] Enabled patch OpticRetrice_UpdateTransform_Patch
[Info   :ModulePatch] Enabled patch MatchmakerOfflineRaidScreen_Close_Patch
[Info   :ModulePatch] Enabled patch BodyPartCollider_SetUpPlayer_Patch
[Info   :ModulePatch] Enabled patch MatchmakerOfflineRaidScreen_Show_Patch
[Info   :ModulePatch] Enabled patch RaidSettingsWindow_method_8_Patch
[Info   :ModulePatch] Enabled patch AIPlaceLogicPartisan_Dispose_Patch
[Info   :ModulePatch] Enabled patch Player_SpawnInHands_Patch
[Info   :ModulePatch] Enabled patch GClass607_method_0_Patch
[Info   :ModulePatch] Enabled patch GClass607_method_30_Patch
[Info   :ModulePatch] Enabled patch GClass1350_Constructor_Patch
[Info   :ModulePatch] Enabled patch AchievementsScreen_Show_Patch
[Info   :ModulePatch] Enabled patch AchievementView_Show_Patch
[Info   :ModulePatch] Enabled patch GClass3299_ExceptAI_Patch
[Info   :ModulePatch] Enabled patch GClass1641_method_8_Patch
[Info   :ModulePatch] Enabled patch GrenadeClass_Init_Patch
[Info   :ModulePatch] Enabled patch SessionResultExitStatus_Show_Patch
[Info   :ModulePatch] Enabled patch PlayUISound_Patch
[Info   :ModulePatch] Enabled patch PlayEndGameSound_Patch
[Info   :ModulePatch] Enabled patch MenuScreen_Awake_Patch
[Info   :ModulePatch] Enabled patch GClass3511_ShowAction_Patch
[Info   :ModulePatch] Enabled patch MenuScreen_method_8_Patch
[Info   :ModulePatch] Enabled patch HideoutPlayerOwner_SetPointOfView_Patch
[Info   :ModulePatch] Enabled patch RagfairScreen_Show_Patch
[Info   :ModulePatch] Enabled patch MatchmakerPlayerControllerClass_GetCoopBlockReason_Patch
[Info   :ModulePatch] Enabled patch CoopSettingsWindow_Show_Patch
[Info   :ModulePatch] Enabled patch MainMenuController_method_49_Patch
[Info   :ModulePatch] Enabled patch GameWorld_ThrowItem_Patch
[Info   :ModulePatch] Enabled patch RaidSettingsWindow_Show_Patch
[Info   :ModulePatch] Enabled patch TransitControllerAbstractClass_Exist_Patch
[Info   :ModulePatch] Enabled patch BotReload_method_1_Patch
[Info   :ModulePatch] Enabled patch Class1374_ReloadBackendLocale_Patch
[Info   :ModulePatch] Enabled patch GClass2013_method_0_Patch
[Info   :ModulePatch] Enabled patch TOS_Patch
[Info   :ModulePatch] Disabled patch VersionLabelPatch
[Info   :ModulePatch] Disabled patch AmmoUsedCounterPatch
[Info   :ModulePatch] Disabled patch ArmorDamageCounterPatch
[Info   :ModulePatch] Disabled patch ScavRepAdjustmentPatch
[Info   :ModulePatch] Disabled patch GetProfileAtEndOfRaidPatch
[Info   :ModulePatch] Disabled patch ScavExfilPatch
[Info   :ModulePatch] Disabled patch SendPlayerScavProfileToServerAfterRaidPatch
[Info   :ModulePatch] Disabled patch BotOwnerManualUpdatePatch
[Info   :ModulePatch] Enabled patch ScavProfileLoad_Override
[Info   :ModulePatch] Enabled patch OfflineRaidSettingsMenuPatch_Override
[Info   :ModulePatch] Enabled patch GetProfileAtEndOfRaidPatch_Override
[Info   :ModulePatch] Enabled patch FixSavageInventoryScreenPatch_Override
[Info   : Fika.Core] Received config from server:
[Info   : Fika.Core] UseBTR: True
[Info   : Fika.Core] FriendlyFire: True
[Info   : Fika.Core] DynamicVExfils: True
[Info   : Fika.Core] AllowFreeCam: False
[Info   : Fika.Core] AllowSpectateFreeCam: True
[Info   : Fika.Core] AllowItemSending: True
[Info   : Fika.Core] BlacklistedItems: 
[Info   : Fika.Core] ForceSaveOnDeath: False
[Info   : Fika.Core] UseInertia: True
[Info   : Fika.Core] SharedQuestProgression: True
[Info   : Fika.Core] CanEditRaidSettings: True
[Info   : Fika.Core] EnableTransits: True
[Info   : Fika.Core] Fika is loaded! Running version: 1.1.5.0
[Info   :RequestHandler] [REQUEST]: /singleplayer/settings/bot/difficulty/core/core
[Info   :RequestHandler] [REQUEST SUCCESSFUL] /singleplayer/settings/bot/difficulty/core/core
[Info   :ModulePatch] Enabled patch ItemContext_Patch
[Info   :   BepInEx] Loading [That's Lit Sync 1.3100.3]
[Info   :That's Lit Sync] Update Notifier not found.
[Info   :   BepInEx] Loading [Graphics 1.6.5]
[Info   :   BepInEx] Loading [Configuration Manager 18.0.1]
[Info   :   BepInEx] Loading [Borkel's Realistic NVGs 1.6.0]
[Info   :ModulePatch] Enabled patch NightVisionAwakePatch
[Info   :ModulePatch] Enabled patch NightVisionApplySettingsPatch
[Info   :ModulePatch] Enabled patch NightVisionSetMaskPatch
[Info   :ModulePatch] Enabled patch ThermalVisionSetMaskPatch
[Info   :ModulePatch] Enabled patch SprintPatch
[Info   :ModulePatch] Enabled patch NightVisionMethod_1
[Info   :ModulePatch] Enabled patch MenuPatch
[Info   :Borkel's Realistic NVGs] Patches enabled successfully!
[Info   :   BepInEx] Loading [StashSearch 1.4.0]
[Info   :ModulePatch] Enabled patch GridViewShowPatch
[Info   :ModulePatch] Enabled patch InventoryScreenShowPatch
[Info   :ModulePatch] Enabled patch SettingsScreenShowPatch
[Info   :ModulePatch] Enabled patch TraderScreensGroupShowPatch
[Info   :ModulePatch] Enabled patch TraderDealScreenShowPatch
[Info   :ModulePatch] Enabled patch OnScreenChangedPatch
[Info   :ModulePatch] Enabled patch TraderScreenClosePatch
[Info   :ModulePatch] Enabled patch SortingTablePatch
[Info   :ModulePatch] Enabled patch SortPatch
[Info   :ModulePatch] Enabled patch CanQuickMoveToPatch
[Info   :ModulePatch] Enabled patch TraderAssortmentControllerClassSellPatch
[Info   :ModulePatch] Enabled patch TraderAssortmentControllerClassPurchasePatch
[Info   :ModulePatch] Enabled patch FoldItemPatch
[Info   :ModulePatch] Enabled patch UnloadWeaponPatch
[Info   :ModulePatch] Enabled patch UnloadAmmoPatch
[Info   :   BepInEx] Loading [SPT-UseLooseLoot 1.3.0]
[Info   :ModulePatch] Enabled patch MakeFoodMedsUsablePatch
[Info   :SPT-UseLooseLoot] [UseLooseLoot] Loaded.
[Info   :   BepInEx] Loading [HandsAreNotBusy 1.4.0]
[Info   :HandsAreNotBusy] HANB_Plugin has been loaded.
[Info   :ModulePatch] Enabled patch HANB_Patch
[Info   :   BepInEx] Loading [DynamicMaps 0.5.2]
[Warning:  HarmonyX] BattleUIScreenShowPatch: You should only patch implemented methods/constructors to avoid issues. Patch the declared method void EFT.UI.BattleUIScreen<EFT.UI.EftBattleUIScreen+GClass3505, EFT.UI.Screens.EEftScreenType>::Show(EFT.GamePlayerOwner owner) instead of void EFT.UI.BattleUIScreen<EFT.UI.EftBattleUIScreen+GClass3505, EFT.UI.Screens.EEftScreenType>::Show(EFT.GamePlayerOwner owner).
[Info   :ModulePatch] Enabled patch BattleUIScreenShowPatch
[Info   :ModulePatch] Enabled patch CommonUIAwakePatch
[Info   :ModulePatch] Enabled patch MapScreenShowPatch
[Info   :ModulePatch] Enabled patch MapScreenClosePatch
[Info   :ModulePatch] Enabled patch GameStartedPatch
[Info   :ModulePatch] Enabled patch GameWorldOnDestroyPatch
[Info   :ModulePatch] Enabled patch GameWorldUnregisterPlayerPatch
[Info   :ModulePatch] Enabled patch GameWorldRegisterLootItemPatch
[Info   :ModulePatch] Enabled patch GameWorldDestroyLootPatch
[Info   :ModulePatch] Enabled patch AirdropBoxOnBoxLandPatch
[Info   :ModulePatch] Enabled patch PlayerOnDeadPatch
[Info   :ModulePatch] Enabled patch PlayerInventoryThrowItemPatch
[Info   :ModulePatch] Enabled patch ShowViewButtonPatch
[Info   :   BepInEx] Loading [Terkoiz.Skipper 1.1.0]
[Info   :   BepInEx] Loading [TYR_DeClutter 1.2.5]
[Info   :ModulePatch] Enabled patch PhysicsUpdatePatch
[Info   :ModulePatch] Enabled patch PhysicsFixedUpdatePatch
[Info   :ModulePatch] Enabled patch RagdollPhysicsLateUpdatePatch
[Info   :ModulePatch] Enabled patch DontSpawnShellsFiringPatch
[Info   :ModulePatch] Enabled patch DontSpawnShellsJamPatch
[Info   :ModulePatch] Enabled patch DontSpawnShellsAtAllReallyPatch
[Info   :ModulePatch] Enabled patch SkyDelayUpdatesPatch
[Info   :ModulePatch] Enabled patch WeatherLateUpdatePatch
[Info   :ModulePatch] Enabled patch WeatherEventControllerDelayUpdatesPatch
[Info   :   BepInEx] Loading [VCQL-Zones 2.0.3]
[Info   :ModulePatch] Enabled patch GameWorldPatch
[Info   :   BepInEx] Loading [LootValue 4.0.0]
[Info   :ModulePatch] Enabled patch TraderPatch
[Info   :ModulePatch] Enabled patch ShowTooltipPatch
[Info   :ModulePatch] Enabled patch GridItemOnPointerEnterPatch
[Info   :ModulePatch] Enabled patch GridItemOnPointerExitPatch
[Info   :ModulePatch] Enabled patch ItemViewOnClickPatch
[Info   :   BepInEx] Loading [LootingBots 1.4.1]
[Info   :ModulePatch] Enabled patch CleanCacheOnRaidEnd
[Info   :ModulePatch] Enabled patch ClearCacheOnDeath
[Info   :ModulePatch] Enabled patch EnableWeaponSwitching
[Info   :ModulePatch] Enabled patch InteractPatch
[Info   :ModulePatch] Enabled patch InventoryClosePatch
[Info   :ModulePatch] Enabled patch RemoveComponent
[Info   :ModulePatch] Enabled patch ItemTaker_Activate_Patch
[Info   :ModulePatch] Enabled patch ItemDropper_Activate_Patch
[Info   :ModulePatch] Enabled patch BotExternalItemsController_Activate_Patch
[Info   :   BepInEx] Loading [MOAR 2.6.7]
[Info   :   BepInEx] Loading [MoreCheckmarks 1.5.15]
[Info   :   BepInEx] Loading [DrakiaXYZ-QuickMoveToContainer 1.2.0]
[Info   :ModulePatch] Enabled patch QuickFindPatch
[Info   :   BepInEx] Loading [DrakiaXYZ-SearchOpenContainers 1.2.0]
[Info   :DrakiaXYZ-SearchOpenContainers] [SearchOpenContainers] Loading...
[Info   :ModulePatch] Enabled patch ContainerMenuPatch
[Info   :DrakiaXYZ-SearchOpenContainers] [SearchOpenContainers] Loaded!
[Info   :   BepInEx] Loading [DrakiaXYZ-Waypoints 1.6.1]
[Info   :ModulePatch] Enabled patch DebugPatch
[Info   :ModulePatch] Enabled patch WaypointPatch
[Info   :ModulePatch] Enabled patch DoorLinkPatch
[Info   :ModulePatch] Enabled patch DoorLinkStateChangePatch
[Info   :ModulePatch] Enabled patch SwitchDoorBlockerPatch
[Info   :ModulePatch] Enabled patch ExfilDoorBlockerPatch
[Info   :ModulePatch] Enabled patch FindPathPatch
[Message:   BepInEx] Chainloader startup complete
[Info   :RequestHandler] [REQUEST]: /singleplayer/settings/version
[Info   :RequestHandler] [REQUEST SUCCESSFUL] /singleplayer/settings/version
[Info   :RequestHandler] [REQUEST]: /singleplayer/release
[Info   :RequestHandler] [REQUEST SUCCESSFUL] /singleplayer/release
[Info   :RequestHandler] [REQUEST]: /singleplayer/moddedTraders
[Info   :RequestHandler] [REQUEST SUCCESSFUL] /singleplayer/moddedTraders
[Info   :RequestHandler] [REQUEST]: /singleplayer/enableBSGlogging
[Info   :RequestHandler] [REQUEST SUCCESSFUL] /singleplayer/enableBSGlogging
[Info   :ModulePatch] Enabled patch AmandsPlayerPatch
[Info   :ModulePatch] Enabled patch AmandsGraphicsNVGPatch
[Info   :ModulePatch] Enabled patch AmandsGraphicsApplyNVGPatch
[Info   :ModulePatch] Enabled patch AmandsGraphicsHBAOPatch
[Info   :ModulePatch] Enabled patch AmandsGraphicsPrismEffectsPatch
[Info   :ModulePatch] Enabled patch AmandsGraphicsOpticPatch
[Info   :ModulePatch] Enabled patch AmandsGraphicsOpticSightPatch
[Info   :ModulePatch] Enabled patch AmandsGraphicsCameraClassPatch
[Info   :ModulePatch] Enabled patch AmandsGraphicsmethod_25Patch
[Info   :ModulePatch] Enabled patch AmandsGraphicsTacticalComboVisualControllerPatch
[Info   :ModulePatch] Enabled patch AmandsGraphicsFastBlurPatch
[Info   :ModulePatch] Enabled patch AmandsGraphicsMethod_7Patch
[Info   :ModulePatch] Enabled patch AmandsGraphicsFastBlurHitPatch
[Warning:  HarmonyX] AmandsBattleUIScreenPatch: You should only patch implemented methods/constructors to avoid issues. Patch the declared method void EFT.UI.BattleUIScreen<EFT.UI.EftBattleUIScreen+GClass3505, EFT.UI.Screens.EEftScreenType>::Show(EFT.GamePlayerOwner owner) instead of void EFT.UI.BattleUIScreen<EFT.UI.EftBattleUIScreen+GClass3505, EFT.UI.Screens.EEftScreenType>::Show(EFT.GamePlayerOwner owner).
[Info   :ModulePatch] Enabled patch AmandsBattleUIScreenPatch
[Info   :ModulePatch] Enabled patch AmandsEffectsControllerPatch
[Info   :ModulePatch] Enabled patch QuestObjectiveViewPatch
[Info   :RequestHandler] [REQUEST]: /moar/getDefaultConfig
[Info   :RequestHandler] [REQUEST SUCCESSFUL] /moar/getDefaultConfig
[Info   :RequestHandler] [REQUEST]: /moar/getPresets
[Info   :RequestHandler] [REQUEST SUCCESSFUL] /moar/getPresets
[Info   :RequestHandler] [REQUEST]: /moar/getServerConfigWithOverrides
[Info   :RequestHandler] [REQUEST SUCCESSFUL] /moar/getServerConfigWithOverrides
[Info   :RequestHandler] [REQUEST]: /moar/getServerConfigWithOverrides
[Info   :RequestHandler] [REQUEST SUCCESSFUL] /moar/getServerConfigWithOverrides
[Info   :RequestHandler] [REQUEST]: /moar/currentPreset
[Info   :RequestHandler] [REQUEST SUCCESSFUL] /moar/currentPreset
[Info   :ModulePatch] Enabled patch NotificationPatch
[Info   :ModulePatch] Enabled patch NotificationPatch2
[Info   :MoreCheckmarks] MoreCheckmarks Started
[Info   :MoreCheckmarks] Configs loaded
[Info   :MoreCheckmarks] Assets loaded
[Info   :MoreCheckmarks] Loading data
[Info   :MoreCheckmarks] 	Quests
[Info   :RequestHandler] [REQUEST]: /MoreCheckmarksRoutes/quests
[Info   :RequestHandler] [REQUEST SUCCESSFUL] /MoreCheckmarksRoutes/quests
[Info   :MoreCheckmarks] 	Items
[Info   :RequestHandler] [REQUEST]: /MoreCheckmarksRoutes/items
[Info   :RequestHandler] [REQUEST SUCCESSFUL] /MoreCheckmarksRoutes/items
[Info   :MoreCheckmarks] 	Assorts
[Info   :RequestHandler] [REQUEST]: /MoreCheckmarksRoutes/assorts
[Info   :RequestHandler] [REQUEST SUCCESSFUL] /MoreCheckmarksRoutes/assorts
[Info   :MoreCheckmarks] 	Productions
[Info   :RequestHandler] [REQUEST]: /MoreCheckmarksRoutes/productions
[Info   :RequestHandler] [REQUEST SUCCESSFUL] /MoreCheckmarksRoutes/productions
[Info   :RequestHandler] [REQUEST]: /singleplayer/bundles
[Info   :RequestHandler] [REQUEST SUCCESSFUL] /singleplayer/bundles
[Info   :BundleManager] CACHE: Loading locally assets/content/items/equipment/customizable/gpnvg/nvg_l3_gpnvg-18_anvis.bundle
[Info   :BundleManager] CACHE: Loading locally assets/content/items/equipment/customizable/nvg_alfa_pnv-10t/nvg_alfa_pnv-10t.bundle
[Info   :BundleManager] CACHE: Loading locally assets/content/items/equipment/customizable/nvg_armasight_n-15/nvg_armasight_n-15.bundle
[Info   :BundleManager] CACHE: Loading locally assets/content/items/equipment/customizable/pvs_14/nvg_pvs_14.bundle
[Info   :BundleManager] CACHE: Loading locally assets/content/items/equipment/nvg_pvs14/pvs14_textures.bundle
[Info   :BundleManager] CACHE: Loading locally assets/top_boss_tagilla.skin.bundle
[Info   :BundleManager] CACHE: Loading locally assets/hands_scav_security2.skin.bundle
[Info   :BundleManager] CACHE: Loading locally assets/hands_scav_wildbody3.skin.bundle
[Info   :BundleManager] CACHE: Loading locally assets/hands_scav_bratva2.skin.bundle
[Info   :BundleManager] CACHE: Loading locally assets/hands_boss_partizan.skin.bundle
[Info   :BundleManager] CACHE: Loading locally assets/hands_scav_scavelite.skin.bundle
[Info   :BundleManager] CACHE: Loading locally assets/hands_scav_cultist1.skin.bundle
[Info   :BundleManager] CACHE: Loading locally assets/hands_scav_gorka4.skin.bundle
[Info   :BundleManager] CACHE: Loading locally assets/hands_boss_blackknight.skin.bundle
[Info   :BundleManager] CACHE: Loading locally assets/hands_scav_cultist2.skin.bundle
[Info   :BundleManager] CACHE: Loading locally assets/hands_boss_kaban.skin.bundle
[Info   :BundleManager] CACHE: Loading locally assets/hands_boss_reshala.skin.bundle
[Info   :BundleManager] CACHE: Loading locally assets/head_boss_tagilla.skin.bundle
[Info   :BundleManager] CACHE: Loading locally assets/top_boss_shturman.skin.bundle
[Info   :BundleManager] CACHE: Loading locally assets/hands_boss_shturman.skin.bundle
[Info   :BundleManager] CACHE: Loading locally assets/top_boss_shturman_alt.skin.bundle
[Info   :BundleManager] CACHE: Loading locally assets/hands_scav_husky.skin.bundle
[Info   :BundleManager] CACHE: Loading locally assets/hands_boss_birdeye.skin.bundle
[Info   :BundleManager] CACHE: Loading locally assets/hands_scav_bratva1.skin.bundle
[Info   :BundleManager] CACHE: Loading locally assets/hands_boss_killa.skin.bundle
[Info   :BundleManager] CACHE: Loading locally assets/hands_boss_zryachiy.skin.bundle
[Info   :BundleManager] CACHE: Loading locally assets/hands_boss_tagilla.skin.bundle
[Info   :BundleManager] CACHE: Loading locally assets/hands_scav_tatu2.skin.bundle
[Info   :BundleManager] CACHE: Loading locally assets/hands_scav_tatu1.skin.bundle
[Info   :BundleManager] CACHE: Loading locally assets/hands_boss_glukhar.skin.bundle
[Info   :BundleManager] CACHE: Loading locally assets/hands_scav_wildbody2.skin.bundle
[Info   :BundleManager] CACHE: Loading locally assets/hands_boss_kolontai.skin.bundle
[Info   :BundleManager] CACHE: Loading locally assets/hands_boss_big_pipe.skin.bundle
[Info   :BundleManager] CACHE: Loading locally assets/hands_boss_sanitar.skin.bundle
[Info   :BundleManager] CACHE: Loading locally assets/hands_scav_security1.skin.bundle
[Info   :      SAIN] [SAIN.ModDetection] : [[CheckPlugins()]:] : [SAIN: Project Fika Detected.]
[Info   :      SAIN] [SAIN.ModDetection] : [[CheckPlugins()]:] : [SAIN: Looting Bots Detected.]
[Info   : Fika.Core] Server version check passed. Expected: >2.3.6, received: 2.3.6
[Info   :FikaModHandler] Loaded plugin: [SPT.Core] with GUID [com.SPT.core] and crc32 [1596945210]
[Info   :FikaModHandler] Loaded plugin: [DrakiaXYZ-BigBrain] with GUID [xyz.drakia.bigbrain] and crc32 [1492432852]
[Info   :FikaModHandler] Loaded plugin: [SAIN] with GUID [me.sol.sain] and crc32 [2870532489]
[Info   :FikaModHandler] Loaded plugin: [That's Lit] with GUID [bastudio.thatslit] and crc32 [3417253012]
[Info   :FikaModHandler] Loaded plugin: [SPT.Custom] with GUID [com.SPT.custom] and crc32 [1289171532]
[Info   :FikaModHandler] Loaded plugin: [SPT.Singleplayer] with GUID [com.SPT.singleplayer] and crc32 [191882096]
[Info   :FikaModHandler] Loaded plugin: [SPT.Debugging] with GUID [com.SPT.debugging] and crc32 [1953886687]
[Info   :FikaModHandler] Loaded plugin: [Fika.Core] with GUID [com.fika.core] and crc32 [3086969448]
[Info   :FikaModHandler] Loaded plugin: [That's Lit Sync] with GUID [bastudio.thatslit.sync] and crc32 [2230261183]
[Info   :FikaModHandler] Loaded plugin: [Graphics] with GUID [com.Amanda.Graphics] and crc32 [982026357]
[Info   :FikaModHandler] Loaded plugin: [Configuration Manager] with GUID [com.bepis.bepinex.configurationmanager] and crc32 [2453335703]
[Info   :FikaModHandler] Loaded plugin: [Borkel's Realistic NVGs] with GUID [com.borkel.nvgmasks] and crc32 [2497301397]
[Info   :FikaModHandler] Loaded plugin: [StashSearch] with GUID [com.dirtbikercj.StashSearch] and crc32 [975129089]
[Info   :FikaModHandler] Loaded plugin: [SPT-UseLooseLoot] with GUID [com.gaylatea.uselooseloot] and crc32 [923655617]
[Info   :FikaModHandler] Loaded plugin: [HandsAreNotBusy] with GUID [com.lacyway.hanb] and crc32 [3874068031]
[Info   :FikaModHandler] Loaded plugin: [DynamicMaps] with GUID [com.mpstark.DynamicMaps] and crc32 [2004289084]
[Info   :FikaModHandler] Loaded plugin: [Terkoiz.Skipper] with GUID [com.terkoiz.skipper] and crc32 [659742770]
[Info   :FikaModHandler] Loaded plugin: [TYR_DeClutter] with GUID [com.TYR.DeClutter] and crc32 [1828167059]
[Info   :FikaModHandler] Loaded plugin: [VCQL-Zones] with GUID [com.virtual.vcql] and crc32 [392970954]
[Info   :FikaModHandler] Loaded plugin: [LootValue] with GUID [IhanaMies.LootValue] and crc32 [301462690]
[Info   :FikaModHandler] Loaded plugin: [LootingBots] with GUID [me.skwizzy.lootingbots] and crc32 [22385858]
[Info   :FikaModHandler] Loaded plugin: [MOAR] with GUID [MOAR.settings] and crc32 [98585668]
[Info   :FikaModHandler] Loaded plugin: [MoreCheckmarks] with GUID [VIP.TommySoucy.MoreCheckmarks] and crc32 [3244110065]
[Info   :FikaModHandler] Loaded plugin: [DrakiaXYZ-QuickMoveToContainer] with GUID [xyz.drakia.quickmovetocontainer] and crc32 [254141124]
[Info   :FikaModHandler] Loaded plugin: [DrakiaXYZ-SearchOpenContainers] with GUID [xyz.drakia.searchopencontainers] and crc32 [3422827950]
[Info   :FikaModHandler] Loaded plugin: [DrakiaXYZ-Waypoints] with GUID [xyz.drakia.waypoints] and crc32 [3081201157]
[Info   :RequestHandler] [REQUEST]: /fika/client/check/mods
[Info   :RequestHandler] [REQUEST SUCCESSFUL] /fika/client/check/mods
[Info   :FikaModHandler] UI Fixes is not loaded, enabling PartyInfoPanel fix
[Info   :ModulePatch] Enabled patch PartyInfoPanel_method_3_Patch
[Info   :RequestHandler] [REQUEST]: /singleplayer/settings/version
[Info   :RequestHandler] [REQUEST SUCCESSFUL] /singleplayer/settings/version
[Info   :ModulePatch] Server version: SPT 3.10.5 - 51869c
[Info   : Fika.Core] Waiting for locales to be ready...
[Info   :DynamicMaps] Trying to attach to MapScreen
[Info   :DynamicMaps] Trying to load MapDef from path: C:\SPTark\BepInEx\plugins\DynamicMaps\Maps\Customs_TarkovDev\Customs_TarkovDev.jsonc
[Info   :DynamicMaps] Loaded MapDef with display name: Customs (TarkovDev)
[Info   :DynamicMaps] Trying to load MapDef from path: C:\SPTark\BepInEx\plugins\DynamicMaps\Maps\Factory_TarkovDev\Factory_TarkovDev.jsonc
[Info   :DynamicMaps] Loaded MapDef with display name: Factory (TarkovDev)
[Info   :DynamicMaps] Trying to load MapDef from path: C:\SPTark\BepInEx\plugins\DynamicMaps\Maps\GroundZero_TarkovDev\GroundZero_TarkovDev.jsonc
[Info   :DynamicMaps] Loaded MapDef with display name: Ground Zero (TarkovDev)
[Info   :DynamicMaps] Trying to load MapDef from path: C:\SPTark\BepInEx\plugins\DynamicMaps\Maps\Interchange_TarkovDev\Interchange_TarkovDev.jsonc
[Info   :DynamicMaps] Loaded MapDef with display name: Interchange (TarkovDev)
[Info   :DynamicMaps] Trying to load MapDef from path: C:\SPTark\BepInEx\plugins\DynamicMaps\Maps\Labs_TarkovDev\Labs_TarkovDev.jsonc
[Info   :DynamicMaps] Loaded MapDef with display name: Labs (TarkovDev)
[Info   :DynamicMaps] Trying to load MapDef from path: C:\SPTark\BepInEx\plugins\DynamicMaps\Maps\Lighthouse_TarkovData\Lighthouse_TarkovData.jsonc
[Info   :DynamicMaps] Loaded MapDef with display name: Lighthouse (TarkovData)
[Info   :DynamicMaps] Trying to load MapDef from path: C:\SPTark\BepInEx\plugins\DynamicMaps\Maps\Reserve_TarkovData\Reserve_TarkovData.jsonc
[Info   :DynamicMaps] Loaded MapDef with display name: Reserve (TarkovData)
[Info   :DynamicMaps] Trying to load MapDef from path: C:\SPTark\BepInEx\plugins\DynamicMaps\Maps\Shoreline_TarkovData\Shoreline_TarkovData.jsonc
[Info   :DynamicMaps] Loaded MapDef with display name: Shoreline (TarkovData)
[Info   :DynamicMaps] Trying to load MapDef from path: C:\SPTark\BepInEx\plugins\DynamicMaps\Maps\Streets_TarkovData\Streets_TarkovData.jsonc
[Info   :DynamicMaps] Loaded MapDef with display name: Streets of Tarkov (TarkovData)
[Info   :DynamicMaps] Trying to load MapDef from path: C:\SPTark\BepInEx\plugins\DynamicMaps\Maps\Woods_TarkovData\Woods_TarkovData.jsonc
[Info   :DynamicMaps] Loaded MapDef with display name: Woods (TarkovData)
[Info   :DynamicMaps] Precaching sprite: Maps/Customs_TarkovDev/Layers/customs_level_-1.png
[Info   :DynamicMaps] Precaching sprite: Maps/Customs_TarkovDev/Layers/customs_level_0.png
[Info   :DynamicMaps] Precaching sprite: Maps/Customs_TarkovDev/Layers/customs_level_1.png
[Info   :DynamicMaps] Precaching sprite: Maps/Customs_TarkovDev/Layers/customs_level_2.png
[Info   :DynamicMaps] Precaching sprite: Maps/Factory_TarkovDev/Layers/factory_layer_-1.png
[Info   :DynamicMaps] Precaching sprite: Maps/Factory_TarkovDev/Layers/factory_layer_0.png
[Info   :DynamicMaps] Precaching sprite: Maps/Factory_TarkovDev/Layers/factory_layer_1.png
[Info   :DynamicMaps] Precaching sprite: Maps/Factory_TarkovDev/Layers/factory_layer_2.png
[Info   :DynamicMaps] Precaching sprite: Maps/GroundZero_TarkovDev/Layers/ground_zero_layer_-1.png
[Info   :DynamicMaps] Precaching sprite: Maps/GroundZero_TarkovDev/Layers/ground_zero_layer_0.png
[Info   :DynamicMaps] Precaching sprite: Maps/GroundZero_TarkovDev/Layers/ground_zero_layer_1.png
[Info   :DynamicMaps] Precaching sprite: Maps/GroundZero_TarkovDev/Layers/ground_zero_layer_2.png
[Info   :DynamicMaps] Precaching sprite: Maps/Interchange_TarkovDev/Layers/interchange_layer_0.png
[Info   :DynamicMaps] Precaching sprite: Maps/Interchange_TarkovDev/Layers/interchange_layer_1.png
[Info   :DynamicMaps] Precaching sprite: Maps/Interchange_TarkovDev/Layers/interchange_layer_2.png
[Info   :DynamicMaps] Precaching sprite: Maps/Labs_TarkovDev/Layers/labs_layer_-1.png
[Info   :DynamicMaps] Precaching sprite: Maps/Labs_TarkovDev/Layers/labs_layer_0.png
[Info   :DynamicMaps] Precaching sprite: Maps/Labs_TarkovDev/Layers/labs_layer_1.png
[Info   :DynamicMaps] Precaching sprite: Maps/Lighthouse_TarkovData/Layers/lighthouse_layer_0.png
[Info   :DynamicMaps] Precaching sprite: Maps/Reserve_TarkovData/Layers/reserve_layer_-1.png
[Info   :DynamicMaps] Precaching sprite: Maps/Reserve_TarkovData/Layers/reserve_layer_0.png
[Info   :DynamicMaps] Precaching sprite: Maps/Shoreline_TarkovData/Layers/shoreline_layer_-1.png
[Info   :DynamicMaps] Precaching sprite: Maps/Shoreline_TarkovData/Layers/shoreline_layer_0.png
[Info   :DynamicMaps] Precaching sprite: Maps/Shoreline_TarkovData/Layers/shoreline_layer_1.png
[Info   :DynamicMaps] Precaching sprite: Maps/Shoreline_TarkovData/Layers/shoreline_layer_2.png
[Info   :DynamicMaps] Precaching sprite: Maps/Streets_TarkovData/Layers/streets_layer_-1.png
[Info   :DynamicMaps] Precaching sprite: Maps/Streets_TarkovData/Layers/streets_layer_0.png
[Info   :DynamicMaps] Precaching sprite: Maps/Streets_TarkovData/Layers/streets_layer_1.png
[Info   :DynamicMaps] Precaching sprite: Maps/Streets_TarkovData/Layers/streets_layer_2.png
[Info   :DynamicMaps] Precaching sprite: Maps/Streets_TarkovData/Layers/streets_layer_3.png
[Info   :DynamicMaps] Precaching sprite: Maps/Streets_TarkovData/Layers/streets_layer_4.png
[Info   :DynamicMaps] Precaching sprite: Maps/Woods_TarkovData/Layers/woods_layer_0.png
[Info   :MoreCheckmarks] Loading data
[Info   :MoreCheckmarks] 	Quests
[Info   :RequestHandler] [REQUEST]: /MoreCheckmarksRoutes/quests
[Info   :RequestHandler] [REQUEST SUCCESSFUL] /MoreCheckmarksRoutes/quests
[Info   :MoreCheckmarks] 	Items
[Info   :MoreCheckmarks] 	Assorts
[Info   :RequestHandler] [REQUEST]: /MoreCheckmarksRoutes/assorts
[Info   :RequestHandler] [REQUEST SUCCESSFUL] /MoreCheckmarksRoutes/assorts
[Info   :MoreCheckmarks] 	Productions
[Info   :RequestHandler] [REQUEST]: /MoreCheckmarksRoutes/productions
[Info   :RequestHandler] [REQUEST SUCCESSFUL] /MoreCheckmarksRoutes/productions
[Info   : Fika.Core] Locales are ready!
[Info   : Fika.Core] Cached local IPs: 0.0.0.0, 192.168.4.13
[Info   :LootingBots] Initializing item appraiser
[Info   :RequestHandler] [REQUEST]: /singleplayer/log
[Info   :RequestHandler] [REQUEST SUCCESSFUL] /singleplayer/log
[Info   :RequestHandler] [REQUEST]: /singleplayer/log
[Info   :RequestHandler] [REQUEST SUCCESSFUL] /singleplayer/log
[Info   :RequestHandler] [REQUEST]: /singleplayer/log
[Info   :RequestHandler] [REQUEST SUCCESSFUL] /singleplayer/log
[Info   :MoreCheckmarks] Quest Debut queststatus set to Started
[Info   :MoreCheckmarks] Quest Shortage queststatus set to Success
[Info   :MoreCheckmarks] Quest Sanitary Standards - Part 1 queststatus set to Started
[Info   :MoreCheckmarks] Quest Operation Aquarius - Part 1 queststatus set to Started
[Info   :MoreCheckmarks] Quest Supplier queststatus set to Started
[Info   :MoreCheckmarks] Quest Gunsmith - Part 1 queststatus set to Success
[Info   :MoreCheckmarks] Quest Gunsmith - Part 2 queststatus set to Started
[Info   :MoreCheckmarks] Quest Gunsmith - Part 3 queststatus set to Started
[Info   :MoreCheckmarks] Quest Farming - Part 1 queststatus set to Success
[Info   :MoreCheckmarks] Quest Farming - Part 2 queststatus set to Started
[Info   :MoreCheckmarks] Quest Only Business queststatus set to Success
[Info   :MoreCheckmarks] Quest Make ULTRA Great Again queststatus set to Started
[Info   :MoreCheckmarks] Quest Big Sale queststatus set to Started
[Info   :MoreCheckmarks] Quest Grenadier queststatus set to Started
[Info   :MoreCheckmarks] Quest Introduction queststatus set to Success
[Info   :MoreCheckmarks] Quest Acquaintance queststatus set to Started
[Info   :MoreCheckmarks] Quest Audit queststatus set to Started
[Info   :MoreCheckmarks] Quest First in Line queststatus set to Success
[Info   :MoreCheckmarks] Quest Shooting Cans queststatus set to Success
[Info   :MoreCheckmarks] Quest Burning Rubber queststatus set to Success
[Info   :MoreCheckmarks] Quest Saving the Mole queststatus set to Success
[Info   :MoreCheckmarks] Quest Easy Money - Part 1 queststatus set to Started
[Info   :MoreCheckmarks] Quest That’s a Great Plan, Walter queststatus set to Started
[Info   :MoreCheckmarks] Quest Elimination queststatus set to Locked
[Info   :MoreCheckmarks] Quest Elimination queststatus set to AvailableForStart
[Info   :MoreCheckmarks] Quest Elimination queststatus set to Locked
[Info   :MoreCheckmarks] Quest Elimination queststatus set to AvailableForStart
[Info   :MoreCheckmarks] Quest Exit the location queststatus set to Locked
[Info   :MoreCheckmarks] Quest Exit the location queststatus set to AvailableForStart
[Info   :MoreCheckmarks] Quest Exit the location queststatus set to Started
[Info   :MoreCheckmarks] Quest Exit the location queststatus set to Locked
[Info   :MoreCheckmarks] Quest Exit the location queststatus set to AvailableForStart
[Message: LootValue] item id: 678948e261ffd2183c032afe
[Info   :DynamicMaps] MapScreen: Loading map Customs (TarkovDev)
[Message: LootValue] item id: 67881217395bad568c031cf2
[Message: LootValue] item id: 678954e961ffd2183c0885c4
[Message: LootValue] item id: 6789551661ffd2183c0928e9
[Message: LootValue] item id: 6789545f61ffd2183c085cae
[Message: LootValue] item id: 6789551661ffd2183c0928e9
[Message: LootValue] item id: 67895de1b49d265e48032816
[Message: LootValue] item id: 67895de1b49d265e48032815
[Message: LootValue] item id: 6789542f61ffd2183c084ea4
[Message: LootValue] item id: 6789542f61ffd2183c084ea4
[Message: LootValue] item id: 678954e97a6c7539e800009e
[Message: LootValue] item id: 67895df0b49d265e48032861
[Message: LootValue] item id: 678948e261ffd2183c032afd
[Message: LootValue] item id: 67881217395bad568c031cf2
[Info   :RequestHandler] [REQUEST]: /singleplayer/settings/raid/menu
[Info   :RequestHandler] [REQUEST SUCCESSFUL] /singleplayer/settings/raid/menu
[Info   :NetManagerUtils] FikaGameObject has been created!
[Info   :NetManagerUtils] FikaServer has started!
[Info   :Fika.Server] Starting server with SendRate: 20
[Info   :Fika.Server] Started Fika Server
[Info   :Fika.Server] Connection established with 136.36.234.250:55882, id: 0.
[Info   :RequestHandler] [REQUEST]: /moar/announcePreset
[Info   :RequestHandler] [REQUEST SUCCESSFUL] /moar/announcePreset
[Info   :RequestHandler] [REQUEST]: /singleplayer/settings/getRaidTime
[Info   :RequestHandler] [REQUEST SUCCESSFUL] /singleplayer/settings/getRaidTime
[Info   :NetManagerUtils] Creating CoopHandler...
[Info   :  CoopGame] Location: Woods
[Info   :  CoopGame] Transits are disabled
[Info   :  CoopGame] Setting spawn point to name: 'PMC Spawn (39)', id: '802d0076-1a65-4fcd-9fd7-ae20620d06cd'
[Info   :MoreCheckmarks] Quest Debut queststatus set to Started
[Info   :MoreCheckmarks] Quest Shortage queststatus set to Success
[Info   :MoreCheckmarks] Quest Sanitary Standards - Part 1 queststatus set to Started
[Info   :MoreCheckmarks] Quest Operation Aquarius - Part 1 queststatus set to Started
[Info   :MoreCheckmarks] Quest Supplier queststatus set to Started
[Info   :MoreCheckmarks] Quest Gunsmith - Part 1 queststatus set to Success
[Info   :MoreCheckmarks] Quest Gunsmith - Part 2 queststatus set to Started
[Info   :MoreCheckmarks] Quest Gunsmith - Part 3 queststatus set to Started
[Info   :MoreCheckmarks] Quest Farming - Part 1 queststatus set to Success
[Info   :MoreCheckmarks] Quest Farming - Part 2 queststatus set to Started
[Info   :MoreCheckmarks] Quest Only Business queststatus set to Success
[Info   :MoreCheckmarks] Quest Make ULTRA Great Again queststatus set to Started
[Info   :MoreCheckmarks] Quest Big Sale queststatus set to Started
[Info   :MoreCheckmarks] Quest Grenadier queststatus set to Started
[Info   :MoreCheckmarks] Quest Introduction queststatus set to Success
[Info   :MoreCheckmarks] Quest Acquaintance queststatus set to Started
[Info   :MoreCheckmarks] Quest Audit queststatus set to Started
[Info   :MoreCheckmarks] Quest First in Line queststatus set to Success
[Info   :MoreCheckmarks] Quest Shooting Cans queststatus set to Success
[Info   :MoreCheckmarks] Quest Burning Rubber queststatus set to Success
[Info   :MoreCheckmarks] Quest Saving the Mole queststatus set to Success
[Info   :MoreCheckmarks] Quest Easy Money - Part 1 queststatus set to Started
[Info   :MoreCheckmarks] Quest That’s a Great Plan, Walter queststatus set to Started
[Info   :MoreCheckmarks] Quest Elimination queststatus set to AvailableForStart
[Info   :MoreCheckmarks] Quest Elimination queststatus set to AvailableForStart
[Info   :MoreCheckmarks] Quest Exit the location queststatus set to AvailableForStart
[Info   :MoreCheckmarks] Quest Exit the location queststatus set to Started
[Info   :MoreCheckmarks] Quest Exit the location queststatus set to AvailableForStart
[Info   :HandsAreNotBusy] Added HANB Component to player: Arahkni
[Info   : Fika.Core] Setting up DogTag
[Info   :ModulePatch] Enabled patch AmandsPainkillerAddEffectPatch
[Info   :ModulePatch] Enabled patch AmandsPainkillerDeleteEffectPatch
[Info   :ModulePatch] Enabled patch AmandsPainTogglePatch
[Info   :  CoopGame] Starting task to wait for host to start the raid.
[Warning:ThatsLitPlayer] [.CanLoad.Update]: [[That's Lit] Can load players. Time: 475.9252]
[Info   :<BuildAllTerrainDetailMapCoroutine>d__79] [.MoveNext.InvokeMoveNext]: [[Woods] Starting building terrain detail maps at 445.0594...]
[Info   :<BuildTerrainDetailMapCoroutine>d__80] [.MoveNext.InvokeMoveNext]: [[Woods] Starting building detail map of Slice_2_3 at 445.0594...]
[Info   :RequestHandler] [REQUEST]: /moar/setPreset
[Info   :RequestHandler] [REQUEST SUCCESSFUL] /moar/setPreset
[Info   :RequestHandler] [REQUEST]: /moar/getDefaultConfig
[Info   :RequestHandler] [REQUEST SUCCESSFUL] /moar/getDefaultConfig
[Info   :RequestHandler] [REQUEST]: /moar/setOverrideConfig
[Info   :RequestHandler] [REQUEST SUCCESSFUL] /moar/setOverrideConfig
[Info   :RequestHandler] [REQUEST]: /moar/getServerConfigWithOverrides
[Info   :RequestHandler] [REQUEST SUCCESSFUL] /moar/getServerConfigWithOverrides
[Info   :MoreCheckmarks] Quest Debut queststatus set to Started
[Info   :MoreCheckmarks] Quest Shortage queststatus set to Started
[Info   :MoreCheckmarks] Quest Sanitary Standards - Part 1 queststatus set to Locked
[Info   :MoreCheckmarks] Quest Operation Aquarius - Part 1 queststatus set to Locked
[Info   :MoreCheckmarks] Quest Supplier queststatus set to Started
[Info   :MoreCheckmarks] Quest Gunsmith - Part 1 queststatus set to Success
[Info   :MoreCheckmarks] Quest Gunsmith - Part 2 queststatus set to Success
[Info   :MoreCheckmarks] Quest Gunsmith - Part 3 queststatus set to Success
[Info   :MoreCheckmarks] Quest Farming - Part 1 queststatus set to Locked
[Info   :MoreCheckmarks] Quest Farming - Part 2 queststatus set to Locked
[Info   :MoreCheckmarks] Quest Only Business queststatus set to Locked
[Info   :MoreCheckmarks] Quest Make ULTRA Great Again queststatus set to Locked
[Info   :MoreCheckmarks] Quest Big Sale queststatus set to Locked
[Info   :MoreCheckmarks] Quest Grenadier queststatus set to Locked
[Info   :MoreCheckmarks] Quest Introduction queststatus set to Started
[Info   :MoreCheckmarks] Quest Acquaintance queststatus set to Locked
[Info   :MoreCheckmarks] Quest Audit queststatus set to Locked
[Info   :MoreCheckmarks] Quest First in Line queststatus set to Success
[Info   :MoreCheckmarks] Quest Shooting Cans queststatus set to Success
[Info   :MoreCheckmarks] Quest Burning Rubber queststatus set to Success
[Info   :MoreCheckmarks] Quest Saving the Mole queststatus set to Success
[Info   :MoreCheckmarks] Quest Easy Money - Part 1 queststatus set to Started
[Info   :MoreCheckmarks] Quest That’s a Great Plan, Walter queststatus set to Started
[Info   :MoreCheckmarks] Quest Elimination queststatus set to Locked
[Info   :MoreCheckmarks] Quest Elimination queststatus set to Locked
[Info   :MoreCheckmarks] Quest Exit the location queststatus set to Locked
[Info   :MoreCheckmarks] Quest Exit the location queststatus set to Locked
[Info   :MoreCheckmarks] Quest Exit the location queststatus set to Locked
[Info   :CoopHandler] AddClientToBotEnemies: Trout
[Info   :ThatsLitGameworld] [.CheckTerrainDetails.Update]: [Set MaxDetailTypes to 25]
[Info   :ThatsLitGameworld] [.CheckTerrainDetails.Update]: [Set MaxDetailTypes to 25]
[Info   :<BuildTerrainDetailMapCoroutine>d__80] [.MoveNext.InvokeMoveNext]: [[Woods] Finished building detail map of Slice_2_3 at 471.431... Costed 26.37161]
[Info   :<BuildTerrainDetailMapCoroutine>d__80] [.MoveNext.InvokeMoveNext]: [[Woods] Starting building detail map of Slice_1_4 at 471.431...]
[Info   :Fika.Server] Connection established with 68.34.61.3:58415, id: 1.
[Info   :<BuildTerrainDetailMapCoroutine>d__80] [.MoveNext.InvokeMoveNext]: [[Woods] Finished building detail map of Slice_1_4 at 495.1995... Costed 23.76849]
[Info   :<BuildTerrainDetailMapCoroutine>d__80] [.MoveNext.InvokeMoveNext]: [[Woods] Starting building detail map of Slice_2_4 at 495.1995...]
[Info   :RequestHandler] [REQUEST]: /moar/getServerConfigWithOverrides
[Info   :RequestHandler] [REQUEST SUCCESSFUL] /moar/getServerConfigWithOverrides
[Info   :RequestHandler] [REQUEST]: /moar/currentPreset
[Info   :RequestHandler] [REQUEST SUCCESSFUL] /moar/currentPreset
[Info   :RequestHandler] [REQUEST]: /moar/getServerConfigWithOverrides
[Info   :RequestHandler] [REQUEST SUCCESSFUL] /moar/getServerConfigWithOverrides
[Info   :RequestHandler] [REQUEST]: /moar/currentPreset
[Info   :RequestHandler] [REQUEST SUCCESSFUL] /moar/currentPreset
[Info   :<BuildTerrainDetailMapCoroutine>d__80] [.MoveNext.InvokeMoveNext]: [[Woods] Finished building detail map of Slice_2_4 at 519.9977... Costed 24.79825]
[Info   :<BuildTerrainDetailMapCoroutine>d__80] [.MoveNext.InvokeMoveNext]: [[Woods] Starting building detail map of Slice_1_3 at 519.9977...]
[Info   :<BuildTerrainDetailMapCoroutine>d__80] [.MoveNext.InvokeMoveNext]: [[Woods] Finished building detail map of Slice_1_3 at 545.9264... Costed 25.92865]
[Info   :<BuildAllTerrainDetailMapCoroutine>d__79] [.MoveNext.InvokeMoveNext]: [[Woods] Finished building terrain detail maps at 545.9264... (AllDisabled: False)]
[Info   :Fika.Server] Peer disconnected 58415, info: Timeout
[Info   :Fika.Server] Connection established with 68.34.61.3:56991, id: 1.
[Info   :  CoopGame] Generating and initializing weather...
[Info   :  CoopGame] Setting Season to: SpringEarly
